[ 2024-06-14 10:51:33,203 ] 148 numexpr.utils - INFO - Note: NumExpr detected 16 cores but "NUMEXPR_MAX_THREADS" not set, so enforcing safe limit of 8.
[ 2024-06-14 10:51:33,203 ] 160 numexpr.utils - INFO - NumExpr defaulting to 8 threads.
[ 2024-06-14 10:51:35,187 ] 30 root - INFO -   Company   TypeName  Ram  Weight        Price  Touchscreen  IPS          ppi      Cpu_brand  HDD  SSD Gpu_brand                  os
0   Apple  Ultrabook    8    1.37   71378.6832            0     1  226.983005  Intel Core i5    0  128     Intel                 Mac
1   Apple  Ultrabook    8    1.34   47895.5232            0     0  127.677940  Intel Core i5    0    0     Intel                 Mac
2      HP   Notebook    8    1.86   30636.0000            0     0  141.211998  Intel Core i5    0  256     Intel  Others/No OS/Linux
3   Apple  Ultrabook   16    1.83  135195.3360            0     1  220.534624  Intel Core i7    0  512       AMD                 Mac
4   Apple  Ultrabook    8    1.37   96095.8080            0     1  226.983005  Intel Core i5    0  256     Intel                 Mac
[ 2024-06-14 10:51:35,209 ] 40 root - INFO - (1106, 13)
[ 2024-06-14 10:51:35,209 ] 41 root - INFO - (196, 13)
[ 2024-06-14 10:51:35,221 ] 45 root - INFO - Data Injection Done
[ 2024-06-14 10:51:35,254 ] 54 root - INFO - (1106, 13)
[ 2024-06-14 10:51:35,254 ] 58 root - INFO - TEst data columns
[ 2024-06-14 10:51:35,254 ] 59 root - INFO - Index(['Company', 'TypeName', 'Ram', 'Weight', 'Price', 'Touchscreen', 'IPS ',
       'ppi', 'Cpu_brand', 'HDD', 'SSD', 'Gpu_brand', 'os'],
      dtype='object')
[ 2024-06-14 10:51:35,254 ] 70 root - INFO - input feature train df
[ 2024-06-14 10:51:35,254 ] 71 root - INFO - Index(['Company', 'TypeName', 'Ram', 'Weight', 'Touchscreen', 'IPS ', 'ppi',
       'Cpu_brand', 'HDD', 'SSD', 'Gpu_brand', 'os'],
      dtype='object')
[ 2024-06-14 10:51:35,254 ] 30 root - INFO - Index(['Company', 'TypeName', 'Ram', 'Weight', 'Price', 'Touchscreen', 'IPS ',
       'ppi', 'Cpu_brand', 'HDD', 'SSD', 'Gpu_brand', 'os'],
      dtype='object')
[ 2024-06-14 10:51:35,254 ] 41 root - INFO - Got the data transformation object
[ 2024-06-14 10:51:35,275 ] 82 root - INFO - preprocessor obj saved in artifacts
[ 2024-06-14 10:51:35,275 ] 28 root - INFO - IN THE MODEL TRANER
[ 2024-06-14 10:51:35,275 ] 29 root - INFO - (1106, 39)
[ 2024-06-14 10:51:35,637 ] 48 root - INFO - 0.8196209205661376
[ 2024-06-14 10:51:35,653 ] 62 root - INFO -   Company   TypeName  Ram  Weight  Touchscreen  IPS          ppi      Cpu_brand  HDD  SSD Gpu_brand   os
0   Apple  Ultrabook    8    1.37            0     1  226.983005  Intel Core i5    0  128     Intel  Mac
